<?xml version="1.0" encoding="UTF-8"?>
<!-- Generated by org.testng.reporters.JUnitReportReporter -->
<testsuite hostname="LAPTOP-TU9KCJFH" failures="0" tests="1" name="Functionaltesting.FTflow" time="20.951" errors="0" timestamp="2024-09-07T01:58:56 IST" skipped="0">
  <testcase classname="Functionaltesting.FTflow" name="test" time="20.951"/>
</testsuite> <!-- Functionaltesting.FTflow -->
